2018/02/01 16:57:59 当前跳跃系数为 2.222220
2018/02/01 16:58:01 from:[225 733] to:[526 566] press:764ms
2018/02/01 16:58:06 from:[559 751] to:[196 550] press:922ms
2018/02/01 16:58:12 from:[164 743] to:[564 544] press:992ms
2018/02/01 16:58:17 from:[290 696] to:[487 588] press:499ms
2018/02/01 16:58:22 from:[242 725] to:[499 576] press:660ms
2018/02/01 16:58:27 当前跳跃系数为 2.222200
2018/02/01 16:58:27 from:[224 736] to:[528 565] press:775ms
2018/02/01 16:58:29 from:[224 736] to:[528 565] press:775ms
2018/02/01 16:58:33 from:[277 682] to:[493 416] press:761ms
2018/02/01 16:58:34 from:[297 757] to:[506 565] press:630ms
2018/02/01 16:58:37 unexpected EOF: goroutine 1 [running]:
runtime/debug.Stack(0xc0431f9a30, 0x523c80, 0xc042030070)
	/usr/local/Cellar/go/1.9.2/libexec/src/runtime/debug/stack.go:24 +0xae
main.main.func1()
	/Users/faceair/Developer/Go/src/github.com/faceair/youjumpijump/main.go:95 +0x75
panic(0x523c80, 0xc042030070)
	/usr/local/Cellar/go/1.9.2/libexec/src/runtime/panic.go:491 +0x291
main.main()
	/Users/faceair/Developer/Go/src/github.com/faceair/youjumpijump/main.go:130 +0x156f
2018/02/01 16:58:39 from:[518 699] to:[255 584] press:637ms
2018/02/01 16:58:44 from:[264 705] to:[474 595] press:526ms
2018/02/01 16:58:51 from:[231 730] to:[500 581] press:683ms
2018/02/01 16:58:56 from:[280 702] to:[473 598] press:487ms
2018/02/01 16:59:01 from:[168 765] to:[569 541] press:1020ms
2018/02/01 16:59:07 from:[477 673] to:[333 624] press:338ms
2018/02/01 16:59:08 当前跳跃系数为 2.222230
2018/02/01 16:59:10 from:[285 694] to:[562 473] press:787ms
2018/02/01 16:59:12 from:[252 748] to:[529 579] press:721ms
2018/02/01 16:59:16 from:[191 545] to:[267 590] press:196ms
2018/02/01 16:59:17 找不到起点，请把 debugger 目录打包发给开发者检查问题。
2018/02/01 16:59:30 当前跳跃系数为 2.222300
2018/02/01 16:59:32 from:[225 737] to:[526 566] press:769ms
2018/02/01 16:59:38 from:[499 709] to:[258 585] press:602ms
2018/02/01 16:59:43 from:[484 707] to:[270 592] press:539ms
2018/02/01 16:59:50 from:[562 754] to:[196 544] press:937ms
2018/02/01 16:59:56 from:[280 679] to:[432 611] press:370ms
2018/02/01 17:00:01 from:[256 714] to:[475 596] press:552ms
2018/02/01 17:00:06 from:[273 709] to:[474 597] press:511ms
2018/02/01 17:00:11 from:[251 718] to:[489 587] press:603ms
2018/02/01 17:00:17 from:[255 719] to:[481 592] press:576ms
2018/02/01 17:00:22 from:[549 750] to:[200 553] press:890ms
2018/02/01 17:00:27 from:[481 709] to:[256 585] press:570ms
2018/02/01 17:00:33 from:[282 712] to:[483 608] press:502ms
2018/02/01 17:00:37 from:[204 744] to:[529 562] press:827ms
2018/02/01 17:00:43 from:[468 688] to:[297 600] press:427ms
2018/02/01 17:00:49 from:[543 743] to:[209 558] press:848ms
2018/02/01 17:00:55 from:[278 688] to:[360 203] press:1093ms
2018/02/01 17:01:00 找不到起点，请把 debugger 目录打包发给开发者检查问题。
2018/02/01 17:01:13 当前跳跃系数为 2.222222
2018/02/01 17:01:15 from:[225 737] to:[526 566] press:769ms
2018/02/01 17:01:20 from:[299 690] to:[459 604] press:403ms
2018/02/01 17:01:25 from:[233 729] to:[502 580] press:683ms
2018/02/01 17:01:30 from:[524 730] to:[231 570] press:741ms
2018/02/01 17:01:36 from:[195 756] to:[559 547] press:932ms
2018/02/01 17:01:42 from:[475 702] to:[279 591] press:500ms
2018/02/01 17:01:47 from:[274 711] to:[479 592] press:526ms
2018/02/01 17:01:53 from:[452 696] to:[296 607] press:399ms
2018/02/01 17:01:58 from:[222 751] to:[550 570] press:832ms
2018/02/01 17:02:04 from:[265 712] to:[482 591] press:552ms
2018/02/01 17:02:09 from:[200 748] to:[543 556] press:873ms
2018/02/01 17:02:14 from:[538 740] to:[220 564] press:807ms
2018/02/01 17:02:19 from:[478 708] to:[261 587] press:552ms
2018/02/01 17:02:24 from:[456 692] to:[294 595] press:419ms
2018/02/01 17:02:29 from:[482 711] to:[279 606] press:507ms
2018/02/01 17:02:34 from:[476 704] to:[291 598] press:473ms
2018/02/01 17:02:39 from:[310 700] to:[454 607] press:380ms
2018/02/01 17:02:44 from:[482 729] to:[253 583] press:603ms
2018/02/01 17:02:50 from:[253 736] to:[512 575] press:677ms
2018/02/01 17:02:56 from:[521 749] to:[214 560] press:801ms
2018/02/01 17:03:01 from:[485 711] to:[267 590] press:554ms
2018/02/01 17:03:06 from:[527 732] to:[231 570] press:749ms
2018/02/01 17:03:11 from:[308 688] to:[444 625] press:333ms
2018/02/01 17:03:16 from:[498 597] to:[417 502] press:277ms
2018/02/01 17:03:21 找不到起点，请把 debugger 目录打包发给开发者检查问题。
2018/02/01 17:04:02 当前跳跃系数为 2.222222
2018/02/01 17:04:04 from:[224 737] to:[527 567] press:772ms
2018/02/01 17:04:09 from:[491 697] to:[276 595] press:528ms
2018/02/01 17:04:14 from:[230 730] to:[503 561] press:713ms
2018/02/01 17:04:19 from:[487 722] to:[255 583] press:601ms
2018/02/01 17:04:25 from:[552 747] to:[214 560] press:858ms
2018/02/01 17:04:30 from:[208 731] to:[532 554] press:820ms
2018/02/01 17:04:35 from:[195 751] to:[568 540] press:952ms
2018/02/01 17:04:41 from:[498 703] to:[269 601] press:557ms
2018/02/01 17:04:46 from:[288 707] to:[469 599] press:468ms
2018/02/01 17:04:51 from:[553 762] to:[189 545] press:941ms
2018/02/01 17:04:56 from:[550 749] to:[190 546] press:918ms
2018/02/01 17:05:02 from:[480 705] to:[257 585] press:562ms
2018/02/01 17:05:07 from:[230 741] to:[531 563] press:777ms
2018/02/01 17:05:12 from:[465 697] to:[286 601] press:451ms
2018/02/01 17:05:17 from:[481 708] to:[286 602] press:493ms
2018/02/01 17:05:23 from:[462 695] to:[298 609] press:411ms
2018/02/01 17:05:28 from:[471 704] to:[291 604] press:457ms
2018/02/01 17:05:33 from:[233 741] to:[527 557] press:770ms
2018/02/01 17:05:38 from:[296 692] to:[459 595] press:421ms
2018/02/01 17:05:43 from:[208 743] to:[534 559] press:831ms
2018/02/01 17:05:50 from:[216 742] to:[544 544] press:851ms
2018/02/01 17:05:55 from:[558 745] to:[200 551] press:904ms
2018/02/01 17:06:01 from:[436 681] to:[318 620] press:295ms
2018/02/01 17:06:06 from:[244 750] to:[530 565] press:756ms
2018/02/01 17:06:11 from:[277 707] to:[472 598] press:496ms
2018/02/01 17:06:16 from:[174 763] to:[566 543] press:998ms
2018/02/01 17:06:22 from:[481 697] to:[281 598] press:495ms
2018/02/01 17:06:27 from:[484 709] to:[272 594] press:535ms
2018/02/01 17:06:32 from:[240 732] to:[517 562] press:722ms
2018/02/01 17:06:37 from:[264 709] to:[485 551] press:603ms
2018/02/01 17:06:42 from:[321 678] to:[438 613] press:297ms
2018/02/01 17:06:46 from:[533 752] to:[206 555] press:848ms
2018/02/01 17:06:54 from:[284 698] to:[464 593] press:463ms
2018/02/01 17:06:59 from:[256 715] to:[492 587] press:596ms
2018/02/01 17:07:04 from:[203 748] to:[540 558] press:859ms
2018/02/01 17:07:09 from:[537 731] to:[221 565] press:793ms
2018/02/01 17:07:14 找不到起点，请把 debugger 目录打包发给开发者检查问题。
2018/02/01 17:07:26 当前跳跃系数为 2.222222
2018/02/01 17:07:28 from:[225 737] to:[527 567] press:770ms
2018/02/01 17:07:33 from:[482 702] to:[275 596] press:516ms
2018/02/01 17:07:38 from:[573 761] to:[188 539] press:987ms
2018/02/01 17:07:43 from:[534 741] to:[207 556] press:834ms
2018/02/01 17:07:50 from:[530 738] to:[205 555] press:828ms
2018/02/01 17:07:55 from:[528 735] to:[217 563] press:789ms
2018/02/01 17:08:01 from:[266 706] to:[481 591] press:541ms
2018/02/01 17:08:06 from:[516 729] to:[217 566] press:756ms
2018/02/01 17:08:11 from:[439 684] to:[302 611] press:344ms
2018/02/01 17:08:16 from:[520 732] to:[241 589] press:696ms
2018/02/01 17:08:21 from:[253 726] to:[504 579] press:646ms
2018/02/01 17:08:26 from:[458 697] to:[289 603] press:429ms
2018/02/01 17:08:31 from:[570 759] to:[195 540] press:965ms
2018/02/01 17:08:36 from:[167 749] to:[569 542] press:1004ms
2018/02/01 17:08:42 from:[586 732] to:[197 544] press:960ms
2018/02/01 17:08:49 from:[514 729] to:[201 552] press:799ms
2018/02/01 17:08:54 from:[466 700] to:[286 614] press:443ms
2018/02/01 17:08:59 from:[503 719] to:[266 591] press:598ms
2018/02/01 17:09:04 from:[256 724] to:[501 581] press:630ms
2018/02/01 17:09:09 from:[294 695] to:[449 613] press:389ms
2018/02/01 17:09:14 from:[480 723] to:[258 580] press:586ms
2018/02/01 17:09:19 from:[217 743] to:[537 560] press:819ms
2018/02/01 17:09:25 from:[247 719] to:[515 574] press:677ms
2018/02/01 17:09:30 from:[458 701] to:[291 594] press:440ms
2018/02/01 17:09:35 from:[216 746] to:[542 557] press:837ms
2018/02/01 17:09:40 from:[207 743] to:[547 546] press:873ms
2018/02/01 17:09:45 from:[245 723] to:[516 572] press:689ms
2018/02/01 17:09:50 from:[489 720] to:[259 586] press:591ms
2018/02/01 17:09:56 from:[228 738] to:[527 567] press:765ms
2018/02/01 17:10:01 from:[515 739] to:[227 568] press:744ms
2018/02/01 17:10:06 from:[223 739] to:[530 564] press:785ms
2018/02/01 17:10:12 from:[472 694] to:[285 600] press:465ms
2018/02/01 17:10:17 from:[503 721] to:[260 586] press:617ms
2018/02/01 17:10:22 from:[525 736] to:[225 559] press:774ms
2018/02/01 17:10:27 from:[266 715] to:[491 595] press:566ms
2018/02/01 17:10:32 from:[192 754] to:[547 554] press:905ms
2018/02/01 17:10:37 from:[278 705] to:[483 586] press:526ms
2018/02/01 17:10:43 from:[474 709] to:[274 594] press:512ms
2018/02/01 17:10:49 from:[574 765] to:[188 545] press:987ms
2018/02/01 17:10:54 from:[514 723] to:[222 557] press:746ms
2018/02/01 17:11:00 from:[542 741] to:[206 555] press:853ms
2018/02/01 17:11:05 from:[520 731] to:[220 563] press:764ms
2018/02/01 17:11:10 from:[232 735] to:[525 567] press:750ms
2018/02/01 17:11:15 from:[436 687] to:[309 608] press:332ms
2018/02/01 17:11:20 from:[306 703] to:[457 608] press:396ms
2018/02/01 17:11:25 from:[456 720] to:[275 595] press:488ms
2018/02/01 17:11:29 from:[560 755] to:[200 552] press:918ms
2018/02/01 17:11:35 from:[460 697] to:[286 596] press:447ms
2018/02/01 17:11:40 from:[249 731] to:[513 574] press:682ms
2018/02/01 17:11:45 from:[251 717] to:[494 599] press:600ms
2018/02/01 17:11:50 from:[559 765] to:[182 537] press:979ms
2018/02/01 17:11:56 from:[506 724] to:[232 571] press:697ms
2018/02/01 17:12:01 from:[524 734] to:[228 562] press:760ms
2018/02/01 17:12:06 from:[250 707] to:[489 587] press:594ms
2018/02/01 17:12:12 from:[468 704] to:[281 599] press:476ms
2018/02/01 17:12:17 from:[258 730] to:[505 579] press:643ms
2018/02/01 17:12:22 from:[248 723] to:[497 583] press:634ms
2018/02/01 17:12:27 from:[501 723] to:[247 579] press:648ms
2018/02/01 17:12:32 from:[326 687] to:[437 618] press:290ms
2018/02/01 17:12:37 from:[264 713] to:[470 592] press:530ms
2018/02/01 17:12:42 from:[502 724] to:[244 577] press:659ms
2018/02/01 17:12:49 from:[471 702] to:[288 599] press:466ms
2018/02/01 17:12:54 from:[240 740] to:[522 568] press:734ms
2018/02/01 17:12:59 from:[290 694] to:[456 601] press:422ms
2018/02/01 17:13:04 from:[284 697] to:[452 609] press:421ms
2018/02/01 17:13:09 from:[191 754] to:[541 558] press:891ms
2018/02/01 17:13:14 from:[256 714] to:[502 580] press:622ms
2018/02/01 17:13:19 from:[236 728] to:[521 569] press:725ms
2018/02/01 17:13:25 from:[240 727] to:[505 578] press:675ms
2018/02/01 17:13:30 from:[240 725] to:[505 578] press:673ms
2018/02/01 17:13:35 from:[199 747] to:[553 546] press:904ms
2018/02/01 17:13:40 from:[578 751] to:[186 544] press:985ms
2018/02/01 17:13:45 from:[426 678] to:[304 612] press:308ms
2018/02/01 17:13:50 from:[537 741] to:[224 566] press:796ms
2018/02/01 17:13:56 from:[311 689] to:[442 614] press:335ms
2018/02/01 17:14:00 from:[490 721] to:[253 583] press:609ms
2018/02/01 17:14:05 from:[482 711] to:[283 599] press:507ms
2018/02/01 17:14:10 from:[220 752] to:[542 553] press:841ms
2018/02/01 17:14:16 from:[505 707] to:[259 586] press:609ms
2018/02/01 17:14:21 from:[248 719] to:[501 580] press:641ms
2018/02/01 17:14:26 from:[456 701] to:[285 601] press:440ms
2018/02/01 17:14:31 from:[331 693] to:[437 618] press:288ms
2018/02/01 17:14:35 from:[458 718] to:[277 597] press:483ms
2018/02/01 17:14:41 from:[292 724] to:[478 594] press:504ms
2018/02/01 17:14:46 from:[234 730] to:[494 584] press:662ms
2018/02/01 17:14:51 from:[555 757] to:[191 547] press:933ms
2018/02/01 17:14:56 from:[306 682] to:[440 612] press:335ms
2018/02/01 17:15:01 from:[260 711] to:[481 593] press:556ms
2018/02/01 17:15:06 from:[437 690] to:[305 613] press:339ms
2018/02/01 17:15:11 from:[530 736] to:[240 574] press:738ms
2018/02/01 17:15:16 from:[438 682] to:[311 615] press:319ms
2018/02/01 17:15:21 from:[199 764] to:[566 545] press:949ms
2018/02/01 17:15:27 from:[239 726] to:[517 568] press:710ms
2018/02/01 17:15:32 from:[474 708] to:[271 594] press:517ms
2018/02/01 17:15:37 from:[262 731] to:[507 577] press:643ms
2018/02/01 17:15:42 from:[246 725] to:[491 587] press:624ms
2018/02/01 17:15:49 from:[474 708] to:[274 595] press:510ms
2018/02/01 17:15:54 from:[533 738] to:[220 564] press:795ms
2018/02/01 17:15:59 from:[544 744] to:[204 551] press:868ms
2018/02/01 17:16:04 from:[306 672] to:[433 620] press:304ms
2018/02/01 17:16:09 from:[228 733] to:[518 563] press:747ms
2018/02/01 17:16:14 from:[558 748] to:[196 550] press:916ms
2018/02/01 17:16:19 from:[457 694] to:[280 599] press:446ms
2018/02/01 17:16:24 from:[320 693] to:[444 614] press:326ms
2018/02/01 17:16:29 from:[516 748] to:[220 578] press:758ms
2018/02/01 17:16:34 from:[290 705] to:[469 598] press:463ms
2018/02/01 17:16:39 from:[272 706] to:[464 602] press:485ms
2018/02/01 17:16:44 from:[429 696] to:[306 614] press:328ms
2018/02/01 17:16:50 from:[582 770] to:[189 545] press:1006ms
2018/02/01 17:16:56 from:[108 568] to:[189 545] press:187ms
2018/02/01 17:17:00 找不到起点，请把 debugger 目录打包发给开发者检查问题。
2018/02/11 22:14:43 当前跳跃系数为 2.330000
2018/02/11 22:14:51 找不到起点，请把 debugger 目录打包发给开发者检查问题。
2018/02/11 22:14:54 当前跳跃系数为 2.330000
2018/02/11 22:14:57 from:[620 724] to:[258 201] press:1482ms
2018/03/06 23:10:14 当前跳跃系数为 2.333000
2018/03/06 23:10:18 from:[225 733] to:[526 566] press:803ms
2018/03/06 23:10:23 from:[307 685] to:[468 589] press:437ms
2018/03/06 23:10:27 from:[194 753] to:[553 550] press:962ms
2018/03/06 23:10:33 from:[561 731] to:[211 548] press:921ms
2018/03/06 23:10:38 from:[417 673] to:[298 581] press:350ms
2018/03/06 23:10:43 from:[550 751] to:[207 556] press:920ms
2018/03/06 23:10:48 from:[521 732] to:[199 551] press:861ms
2018/03/06 23:10:53 from:[207 722] to:[526 584] press:810ms
2018/03/06 23:10:58 from:[584 716] to:[214 549] press:947ms
2018/03/06 23:11:04 from:[223 679] to:[473 597] press:613ms
2018/03/06 23:11:09 from:[577 731] to:[213 559] press:939ms
2018/03/06 23:11:14 from:[400 668] to:[308 583] press:292ms
2018/03/06 23:11:18 from:[576 764] to:[181 541] press:1058ms
2018/03/06 23:11:24 from:[231 671] to:[468 600] press:577ms
2018/03/06 23:11:29 from:[297 705] to:[501 576] press:563ms
